<?xml version="1.0" encoding="UTF-8"?>
<testsuite xmlns:xsi="http://www.w3.org/2001/XMLSchema-instance" xsi:noNamespaceSchemaLocation="https://maven.apache.org/surefire/maven-surefire-plugin/xsd/surefire-test-report-3.0.xsd" version="3.0" name="edu.upc.etsetb.poo.decathlon1.iu.InterficieUsuarioTest" time="0.453" tests="7" errors="0" skipped="0" failures="0">
  <properties>
[...]
</properties>
  <testcase name="test01_Constructor" classname="edu.upc.etsetb.poo.decathlon1.iu.InterficieUsuarioTest" time="0.296">
    <system-out><![CDATA[
InterficieUsuario::InterficieUsuario(...). Valor: 1.0
      Caso 1: comprobar que se ha creado el atributo de tipo Controlador
      Caso 2: comprobar que se ha invocado correctamente al constructor con argumento inicializa a true y se han creado los atletas desde el método Controlador::inicializaConAtletasYMarcasIniciales()
      Caso 3: comprobar que se ha invocado correctamente al constructor con argumento inicializa a false y NO se han creado los atletas
		Puntos obtenidos: 1.0. Puntos acumulados: 1.0
]]></system-out>
  </testcase>
  <testcase name="test02_inscribirAtleta" classname="edu.upc.etsetb.poo.decathlon1.iu.InterficieUsuarioTest" time="0.02">
    <system-out><![CDATA[
InterficieUsuario::inscribirAtleta(...). Valor: 1.0
  Caso 1: comprobar que se invoca a método inscribirAtleta() de clase Controlador, pasándole valores adecuados como parámetro.
		Puntos obtenidos: 1.0. Puntos acumulados: 2.0
]]></system-out>
  </testcase>
  <testcase name="test03_mostrarCompeticion" classname="edu.upc.etsetb.poo.decathlon1.iu.InterficieUsuarioTest" time="0.002">
    <system-out><![CDATA[
InterficieUsuario::mostrarCompeticion(...). Valor: 1.0
  Caso 1: comprobar que se invoca a método getInfoCompeticion() de clase Controlador.
null
		Puntos obtenidos: 1.0. Puntos acumulados: 3.0
]]></system-out>
  </testcase>
  <testcase name="test04_mostrarAtleta" classname="edu.upc.etsetb.poo.decathlon1.iu.InterficieUsuarioTest" time="0.002">
    <system-out><![CDATA[
InterficieUsuario::mostrarAtleta(...). Valor: 1.0
  Caso 1: comprobar que se invoca a método getInfoAtleta() de clase Controlador y que recibe correctamente número de inscripción.
null
		Puntos obtenidos: 1.0. Puntos acumulados: 4.0
]]></system-out>
  </testcase>
  <testcase name="test05_anyadirMarcaEnEventoDeUnAtleta" classname="edu.upc.etsetb.poo.decathlon1.iu.InterficieUsuarioTest" time="0.057">
    <system-out><![CDATA[
InterficieUsuario::anyadirMarcaEnEventoDeUnAtleta(...). Valor: 2.0
  Caso 1: comprobar que se invoca método anyadirMarcaEnEventoDeUnAtleta() de clase Controlador. Además, se muestra el mensaje adecuado por la consola si devuelve el código de error NO_ATLETAS_INSCRITOS.
  Caso 2:  comprobar que se invoca método anyadirMarcaEnEventoDeUnAtleta() de clase Controlador. Además, se muestra el mensaje adecuado por la consola si devuelve el código de error NUM_INSCRIPCION_ERRONEO.
  Caso 3: comprobar que se invoca método anyadirMarcaEnEventoDeUnAtleta() de clase Controlador. Además, se muestra el mensaje adecuado por la consola si devuelve el código de error TIPO_DE_EVENTO_ERRONEO.
  Caso 4:  comprobar que se invoca método anyadirMarcaEnEventoDeUnAtleta() de clase Controlador. Además, se muestra el mensaje adecuado por la consola si devuelve el código RESULTADO_OK.
		Puntos obtenidos: 2.0. Puntos acumulados: 6.0
]]></system-out>
  </testcase>
  <testcase name="test06_mostrarClasificacion" classname="edu.upc.etsetb.poo.decathlon1.iu.InterficieUsuarioTest" time="0.004">
    <system-out><![CDATA[
InterficieUsuario::mostrarClasificacion(...). Valor: 2.0
  Caso 1: comprobar que se invoca a método getClasificacion() de clase Controlador, pasándole el valor adecuado como parámetro.
null
  Caso 2: comprobar que se muestra por la consola la información que devuelve el método getClasificacion() de clase Controlador.
		Puntos obtenidos: 2.0. Puntos acumulados: 8.0
]]></system-out>
  </testcase>
  <testcase name="test07_ejecutaComando" classname="edu.upc.etsetb.poo.decathlon1.iu.InterficieUsuarioTest" time="0.007">
    <system-out><![CDATA[
InterficieUsuario::ejecutaComando(...). Valor: 2.0
  Caso 1: comprobar que el método detecta adecuadamente algunos comandos incorrectos.
  Caso 2: comprobar que el comando ia acaba invocando el método adecuado de la clase Controlador, pasándole los valores correctos como parámetro.
  Caso 3: comprobar que el comando mc acaba invocando el método adecuado de la clase Controlador, pasándole los valores correctos como parámetro.
  Caso 4: comprobar que el comando ma acaba invocando el método adecuado de la clase Controlador, pasándole los valores correctos como parámetro.
  Caso 5: comprobar que el comando am acaba invocando el método adecuado de la clase Controlador, pasándole los valores correctos como parámetro.

		Puntos obtenidos: 2.0. Puntos acumulados: 10.0
]]></system-out>
  </testcase>
</testsuite>