<?xml version="1.0" encoding="UTF-8"?>
<testsuite xmlns:xsi="http://www.w3.org/2001/XMLSchema-instance" xsi:noNamespaceSchemaLocation="https://maven.apache.org/surefire/maven-surefire-plugin/xsd/surefire-test-report-3.0.xsd" version="3.0" name="edu.upc.etsetb.poo.decathlon1.AtletaTest" time="0.228" tests="8" errors="0" skipped="0" failures="0">
  <properties>
[...]
</properties>
  <testcase name="test01_Constructor" classname="edu.upc.etsetb.poo.decathlon1.AtletaTest" time="0.147">
    <system-out><![CDATA[
Atleta::Atleta(). Valor: 1.0
	Test 1: comprobación de existencia de atributo de nombre 'nombre' (10.0%)
	Test 2: comprobación del valor asignado por el corrector al atributo de nombre 'nombre' (10.0%)
	Test 3: comprobación de existencia de atributo de nombre 'nacionalidad' (10.0%)
	Test 4: comprobación del valor asignado por el corrector al atributo de nombre 'nacionalidad' (10.0%)
	Test 5: comprobación de existencia de atributo de nombre 'numInscripcion' (10.0%)
	Test 6: comprobación del valor asignado por el corrector al atributo de nombre 'numInscripcion' (10.0%)
	Test 7: comprobación de existencia de atributo de nombre 'puntos' (10.0%)
	Test 8: comprobación del valor asignado por el corrector al atributo de nombre 'puntos' (10.0%)
	Test 9: Comprobación de existencia del atributo de nombre 'marcas' (0.05)
	Test 10: Comprobación de que el atributo de nombre 'marcas' es un array de MarcaEvento
	Test 11: Comprobación de que el array tiene null en todas sus posiciones
		Puntos obtenidos: 1.0. Puntos acumulados: 1.0
]]></system-out>
  </testcase>
  <testcase name="test02_GetNumInscripcion" classname="edu.upc.etsetb.poo.decathlon1.AtletaTest" time="0.0">
    <system-out><![CDATA[
Atleta::getNumInscripcion(). Valor: 0.5
	Test 1: comprobar que se retorna el valor de  'nunInscripcion' al invocar este método.
		Puntos obtenidos: 0.5. Puntos acumulados: 1.5
]]></system-out>
  </testcase>
  <testcase name="test03_GetNombre" classname="edu.upc.etsetb.poo.decathlon1.AtletaTest" time="0.001">
    <system-out><![CDATA[
Atleta::getNombre(). Valor: 0.5
	Test 1: comprobar que se retorna el valor de  'nombre' al invocar este método
		Puntos obtenidos: 0.5. Puntos acumulados: 2.0
]]></system-out>
  </testcase>
  <testcase name="test04_GetNacionalidad" classname="edu.upc.etsetb.poo.decathlon1.AtletaTest" time="0.0">
    <system-out><![CDATA[
Atleta::getNacionalidad(). Valor: 0.5
	Test 1: comprobar que se retorna el valor de  'nacionalidad' al invocar este método.
		Puntos obtenidos: 0.5. Puntos acumulados: 2.5
]]></system-out>
  </testcase>
  <testcase name="test05_GetPuntos" classname="edu.upc.etsetb.poo.decathlon1.AtletaTest" time="0.0">
    <system-out><![CDATA[
Atleta::getPuntos(). Valor: 0.5
Test 1: comprobar que se retorna el valor de  'puntos' al invocar este método.
		Puntos obtenidos: 0.5. Puntos acumulados: 3.0
]]></system-out>
  </testcase>
  <testcase name="test06_AnyadirMarcaEnEvento" classname="edu.upc.etsetb.poo.decathlon1.AtletaTest" time="0.001">
    <system-out><![CDATA[
Atleta::anyadirMarcaEnEvento(). Valor: 2.0
	Test 1: comprobar que al añadir una marca a un evento el atributo  'puntos' queda actualizado correctamente.
		Puntos obtenidos: 2.0. Puntos acumulados: 5.0
]]></system-out>
  </testcase>
  <testcase name="test07_calcularPuntos" classname="edu.upc.etsetb.poo.decathlon1.AtletaTest" time="0.001">
    <system-out><![CDATA[
Atleta::calcularPuntos(). Valor: 3.0
	Test 1: comprobar que al añadir una nueva marca a un evento el atributo  'puntos' queda actualizado correctamente.
		Puntos obtenidos: 3.0. Puntos acumulados: 8.0
]]></system-out>
  </testcase>
  <testcase name="test08_ToString" classname="edu.upc.etsetb.poo.decathlon1.AtletaTest" time="0.004">
    <system-out><![CDATA[
Atleta::toString(). Valor: 2.0
	  Comprobando número de inscripción
	  Comprobando nombre
	  Comprobando nacionalidad
	  Comprobando 100 metros lisos
	  Comprobando salto de longitud
	  Comprobando lanzamiento de peso
	  Comprobando salto de altura
	  Comprobando salto de altura
	  Comprobando puntos totales
		Puntos obtenidos: 2.0. Puntos acumulados: 10.0
]]></system-out>
  </testcase>
</testsuite>