<?xml version="1.0" encoding="UTF-8"?>
<testsuite xmlns:xsi="http://www.w3.org/2001/XMLSchema-instance" xsi:noNamespaceSchemaLocation="https://maven.apache.org/surefire/maven-surefire-plugin/xsd/surefire-test-report-3.0.xsd" version="3.0" name="edu.upc.etsetb.poo.decathlon1.ClasificacionTest" time="0.194" tests="3" errors="0" skipped="0" failures="0">
  <properties>
[...]
</properties>
  <testcase name="test01_Constructor" classname="edu.upc.etsetb.poo.decathlon1.ClasificacionTest" time="0.133">
    <system-out><![CDATA[
Clasificacion::Clasificacion(...). Valor: 2.0
	Test 1: comprobación de existencia de atributo de nombre 'numAtletas' (20.0%)
	Test 2: comprobación del valor asignado por el corrector al atributo de nombre 'numAtletas' (20.0%)
	Test 3: Comprobación de existencia del atributo de nombre 'atletas' (20%)
	Test 4: Comprobación de que el atributo de nombre 'atletas' es una LinkedList de atletas (20%).
	Test 5: Comprobación de que 'atletas' al construirse es una lista vacía en vez de NULL (20%).
		Puntos obtenidos: 2.0. Puntos acumulados: 2.0
]]></system-out>
  </testcase>
  <testcase name="test02_anyadirAClasificacion" classname="edu.upc.etsetb.poo.decathlon1.ClasificacionTest" time="0.001">
    <system-out><![CDATA[
Clasificacion::anyadirAClasificacion(...). Valor: 5.0
	Test 1: comprobar que se añaden los atletas en la  lista 'atletas' al invocar este método (20%)
	Test 2: comprobar que la lista nunca es más grande que el atributo 'numAtletas' (40%)
	Test 3: comprobar que la lista de atletas está ordenada (40%)
		Puntos obtenidos: 5.0. Puntos acumulados: 7.0
]]></system-out>
  </testcase>
  <testcase name="test03_toString" classname="edu.upc.etsetb.poo.decathlon1.ClasificacionTest" time="0.0">
    <system-out><![CDATA[
Clasificacion::toString(...). Valor: 3.0
	Test 1: Formato de línea correcto (60%)
	Test 2: Se recorre toda la lista de atletas (40%)
		Puntos obtenidos: 3.0. Puntos acumulados: 10.0
]]></system-out>
  </testcase>
</testsuite>