<?xml version="1.0" encoding="UTF-8"?>
<testsuite xmlns:xsi="http://www.w3.org/2001/XMLSchema-instance" xsi:noNamespaceSchemaLocation="https://maven.apache.org/surefire/maven-surefire-plugin/xsd/surefire-test-report-3.0.xsd" version="3.0" name="edu.upc.etsetb.poo.decathlon1.casosdeuso.ControladorTest" time="0.319" tests="7" errors="0" skipped="0" failures="0">
  <properties>
[...]
</properties>
  <testcase name="test01_Constructor" classname="edu.upc.etsetb.poo.decathlon1.casosdeuso.ControladorTest" time="0.239">
    <system-out><![CDATA[
Controlador::Controlador(...). Valor: 1.5

	Prueba 1. Con argumento inicializa a false 
	*Comprobar que se ha construido bien el objeto Competicion
	Test 1: comprobación de existencia de atributo de nombre 'nombre' (50.0%)
	Test 2: comprobación del valor asignado por el corrector al atributo de nombre 'nombre' (50.0%)
	Test 3: comprobación de existencia de atributo de nombre 'fecha' (50.0%)
	Test 4: comprobación del valor asignado por el corrector al atributo de nombre 'fecha' (50.0%)
	Test 5: comprobación de existencia de atributo de nombre 'lugar' (50.0%)
	Test 6: comprobación del valor asignado por el corrector al atributo de nombre 'lugar' (50.0%)
	Test 7: comprobación de existencia de atributo de nombre 'numInscritos' (50.0%)
	Test 8: comprobación del valor asignado por el corrector al atributo de nombre 'numInscritos' (50.0%)
	*Comprobación del atributo iu
	Test 1: comprobación de existencia de atributo de nombre 'iu' (50.0%)
	Test 2: comprobación del valor asignado por el corrector al atributo de nombre 'iu' (50.0%)
	*Comprobación del atributo atletas
	Test 1: comprobación de existencia de atributo de nombre 'atletas' (50.0%)
	Test 2: comprobación del valor asignado por el corrector al atributo de nombre 'atletas' (50.0%)

	Prueba 2. Con argumento inicializa a true 
	*Comprobar que se ha construido bien el objeto Competicion
	Test 1: comprobación de existencia de atributo de nombre 'nombre' (50.0%)
	Test 2: comprobación del valor asignado por el corrector al atributo de nombre 'nombre' (50.0%)
	Test 3: comprobación de existencia de atributo de nombre 'fecha' (50.0%)
	Test 4: comprobación del valor asignado por el corrector al atributo de nombre 'fecha' (50.0%)
	Test 5: comprobación de existencia de atributo de nombre 'lugar' (50.0%)
	Test 6: comprobación del valor asignado por el corrector al atributo de nombre 'lugar' (50.0%)
	Test 7: comprobación de existencia de atributo de nombre 'numInscritos' (50.0%)
	Test 8: comprobación del valor asignado por el corrector al atributo de nombre 'numInscritos' (50.0%)
	*Comprobación del atributo iu
	Test 1: comprobación de existencia de atributo de nombre 'iu' (50.0%)
	Test 2: comprobación del valor asignado por el corrector al atributo de nombre 'iu' (50.0%)
	*Comprobación del atributo atletas
	Test 1. Comprobar si el atributo atletas es diferente de null y tiene 5 atletas inscritos, prueba indirecta de que se han inscrito atletas

		Puntos obtenidos: 1.5. Puntos acumulados: 1.5
]]></system-out>
  </testcase>
  <testcase name="test02_inscribirAtleta" classname="edu.upc.etsetb.poo.decathlon1.casosdeuso.ControladorTest" time="0.001">
    <system-out><![CDATA[
Controlador::inscribirAtleta(...). Valor: 1.5
	Comprobar que se ha creado un objeto Atleta y se ha añadido al contenedor de atletas
	Comprobar que el Atleta creado y añadido tiene el número de inscripción adecuado
	Comprobar que el Atleta creado y añadido tiene el nombre pasado como argumento
	Comprobar que el Atleta creado y añadido tiene la nacionalidad pasada como argumento
		Puntos obtenidos: 1.5. Puntos acumulados: 3.0
]]></system-out>
  </testcase>
  <testcase name="test03_getInfoCompeticion" classname="edu.upc.etsetb.poo.decathlon1.casosdeuso.ControladorTest" time="0.017">
    <system-out><![CDATA[
Controlador::getInfoCompeticion(...). Valor: 0.5
		Puntos obtenidos: 0.5. Puntos acumulados: 3.5
]]></system-out>
  </testcase>
  <testcase name="test04_numInscritosEnCompeticion" classname="edu.upc.etsetb.poo.decathlon1.casosdeuso.ControladorTest" time="0.003">
    <system-out><![CDATA[
Controlador::numInscritosEnCompeticion(...). Valor: 0.5
		Puntos obtenidos: 0.5. Puntos acumulados: 4.0
]]></system-out>
  </testcase>
  <testcase name="test05_anyadirMarcaEnEventoDeUnAtleta" classname="edu.upc.etsetb.poo.decathlon1.casosdeuso.ControladorTest" time="0.002">
    <system-out><![CDATA[
Controlador::anyadirMarcaEnEventoDeUnAtleta(...). Valor: 3.0
	Caso 1: no hay ningún atleta inscrito
	Caso 2.1: el número de inscripción es negativa
	Caso 2.2: el número supera al número de atletas inscritos
	Caso 3.1: el identificador del evento es negativo
	Caso 3.2: el identificador del evento supera al número de eventos registrados MarcaEnEvento.NUM_EVENTOS) (5)
	Caso 4: se añade una marca de un atleta en un evento correctos
	  Prueba 1: el método devuelve Controlador.RESULTADO_OK (0)
	  Prueba 2: se ha generado un nuevo objeto MarcaEnEvento
	  Prueba 3: el evento del objeto MarcaEnEvento es correcta
	  Prueba 4: la marca del objeto MarcaEnEvento es correcta
	  Prueba 5: los puntos del objeto MarcaEvento son correctos
	  Prueba 6: los puntos totales del atleta se han actualizado correctamente
		Puntos obtenidos: 3.0. Puntos acumulados: 7.0
]]></system-out>
  </testcase>
  <testcase name="test06_getInfoAtleta" classname="edu.upc.etsetb.poo.decathlon1.casosdeuso.ControladorTest" time="0.004">
    <system-out><![CDATA[
Controlador::getInfoAtleta(...). Valor: 0.5
	  Comprobando número de inscripción
	  Comprobando nombre
	  Comprobando nacionalidad
	  Comprobando 100 metros lisos
	  Comprobando salto de longitud
	  Comprobando lanzamiento de peso
	  Comprobando salto de altura
	  Comprobando salto de altura
	  Comprobando puntos totales
		Puntos obtenidos: 0.5. Puntos acumulados: 7.5
]]></system-out>
  </testcase>
  <testcase name="test07_getClasificacion" classname="edu.upc.etsetb.poo.decathlon1.casosdeuso.ControladorTest" time="0.0">
    <system-out><![CDATA[
Controlador::getClasificacion()(...). Valor: 2.5
	Caso 1. No hay atletas inscritos
	Caso 1. Se pasa un número de atletas erróneo
	  Se pasa 0 como argumento
	  Se pasa un argumento negativo
	  Se pasa un argumento mayor que el número de atletas inscritos
	Caso 3. Se pasa un argumento igual al número de atletas inscritos
		Puntos obtenidos: 2.5. Puntos acumulados: 10.0
]]></system-out>
  </testcase>
</testsuite>