<?xml version="1.0" encoding="UTF-8"?>
<testsuite xmlns:xsi="http://www.w3.org/2001/XMLSchema-instance" xsi:noNamespaceSchemaLocation="https://maven.apache.org/surefire/maven-surefire-plugin/xsd/surefire-test-report-3.0.xsd" version="3.0" name="edu.upc.etsetb.poo.decathlon1.MarcaEnEventoTest" time="0.25" tests="6" errors="0" skipped="0" failures="0">
  <properties>
[...]
</properties>
  <testcase name="test01_Constructor" classname="edu.upc.etsetb.poo.decathlon1.MarcaEnEventoTest" time="0.169">
    <system-out><![CDATA[************************************************************
* Esta clase ha sido desarrollada por Juan Carlos Cruellas.*
* Se prohibe su utilización en todo programa distinto a la *
* colección de problemas con autocorrección generado por   *
* Juan Carlos Cruellas para la asignatura Programación     *
* Orientada a Objetos (POO) de la ETSETB, sin el permiso   *
* otorgado por escrito de Juan Carlos Cruellas.            *
************************************************************


MarcaEnEvento::MarcaEnEvento(...). Valor: 2.0
	Test 1: comprobación de existencia de atributo de nombre 'evento' (16.666666666666664%)
	Test 2: comprobación del valor asignado por el corrector al atributo de nombre 'evento' (16.666666666666664%)
	Test 3: comprobación de existencia de atributo de nombre 'marca' (16.666666666666664%)
	Test 4: comprobación del valor asignado por el corrector al atributo de nombre 'marca' (16.666666666666664%)
	Test 5: comprobación de existencia de atributo de nombre 'puntos' (16.666666666666664%)
	Test 6: comprobación del valor asignado por el corrector al atributo de nombre 'puntos' (16.666666666666664%)
		Puntos obtenidos: 2.0. Puntos acumulados: 2.0
]]></system-out>
  </testcase>
  <testcase name="test02_GetPuntos" classname="edu.upc.etsetb.poo.decathlon1.MarcaEnEventoTest" time="0.0">
    <system-out><![CDATA[
MarcaEnEvento::getPuntos(...). Valor: 1.0
		Puntos obtenidos: 1.0. Puntos acumulados: 3.0
]]></system-out>
  </testcase>
  <testcase name="test03_CalcularPuntosEvento" classname="edu.upc.etsetb.poo.decathlon1.MarcaEnEventoTest" time="0.0">
    <system-out><![CDATA[
MarcaEnEvento::calcularPuntosEvento(...). Valor: 2.0
		Puntos obtenidos: 2.0. Puntos acumulados: 5.0
]]></system-out>
  </testcase>
  <testcase name="test04_getUnidadMarcaEnEvento" classname="edu.upc.etsetb.poo.decathlon1.MarcaEnEventoTest" time="0.001">
    <system-out><![CDATA[
MarcaEnEvento::getUnidadMarcaEnEvento(...). Valor: 1.0
		Puntos obtenidos: 1.0. Puntos acumulados: 6.0
]]></system-out>
  </testcase>
  <testcase name="test05_getListaEventos" classname="edu.upc.etsetb.poo.decathlon1.MarcaEnEventoTest" time="0.001">
    <system-out><![CDATA[
MarcaEnEvento::getListaEventos(...). Valor: 2.0
		Puntos obtenidos: 2.0. Puntos acumulados: 8.0
]]></system-out>
  </testcase>
  <testcase name="test06_toString" classname="edu.upc.etsetb.poo.decathlon1.MarcaEnEventoTest" time="0.002">
    <system-out><![CDATA[
MarcaEnEvento::toString(...). Valor: 2.0
		Puntos obtenidos: 2.0. Puntos acumulados: 10.0
]]></system-out>
  </testcase>
</testsuite>